--------------------------------------------------------------------------------
                       ========================================                 
                                GENERATING BASIS SET                            
                       ========================================                 
 
----------------------------------------          
          Printing basis set...                   
----------------------------------------          

Atom #1 (H):
  Shell     Ang. Mom.     Prim.       Exp.         Coeff.
    1          S            1      5.447178     0.156285
    1          S            2      0.824547     0.904691
 
    2          S            1      0.183192     1.000000
 
 
Atom #2 (H):
  Shell     Ang. Mom.     Prim.       Exp.         Coeff.
    1          S            1      5.447178     0.156285
    1          S            2      0.824547     0.904691
 
    2          S            1      0.183192     1.000000
 
 
----------------------------------------          
     Printing basis set metadata...               
----------------------------------------          

Basis set: 6-21G
Number of basis functions: 4
Number of electrons: 2
 
                       ========================================                 
                                       END BASIS                                
                       ========================================                 
--------------------------------------------------------------------------------
--------------------------------------------------------------------------------
                       ========================================                 
                                RESTRICTED CLOSED-SHELL                         
                                  HARTREE-FOCK ENERGY                           
                       ========================================                 

----------------------------------------          
       Starting RHF iterations...                 
----------------------------------------          
 
Iter        Energy                ΔE                Drms
1      -1.0971527190      -1.0971527190      0.6919868700
2      -1.1361654820      -0.0390127630      0.0498930866
3      -1.1229314919      0.0132339901      0.0031251548
4      -1.1229402299      -0.0000087380      0.0000019365
 
----------------------------------------
   The SCF calculation has converged!   
----------------------------------------
Total SCF Energy: -1.1229402299 h
 
                       ========================================                 
                              END RESTRICTED CLOSED-SHELL                       
                                  HARTREE-FOCK ENERGY                           
                       ========================================                 
--------------------------------------------------------------------------------
