--------------------------------------------------------------------------------
                       ========================================                 
                                GENERATING BASIS SET                            
                       ========================================                 
 
----------------------------------------          
          Printing basis set...                   
----------------------------------------          

Atom #1 (H):
  Shell     Ang. Mom.     Prim.       Exp.         Coeff.
    1          S            1      5.447178     0.156285
    1          S            2      0.824547     0.904691
 
    2          S            1      0.183192     1.000000
 
 
Atom #2 (H):
  Shell     Ang. Mom.     Prim.       Exp.         Coeff.
    1          S            1      5.447178     0.156285
    1          S            2      0.824547     0.904691
 
    2          S            1      0.183192     1.000000
 
 
----------------------------------------          
     Printing basis set metadata...               
----------------------------------------          

Basis set: 6-21G
Number of basis functions: 4
Number of electrons: 2
 
                       ========================================                 
                                       END BASIS                                
                       ========================================                 
--------------------------------------------------------------------------------
--------------------------------------------------------------------------------
                       ========================================                 
                                RESTRICTED CLOSED-SHELL                         
                                  HARTREE-FOCK ENERGY                           
                       ========================================                 

----------------------------------------          
       Starting RHF iterations...                 
----------------------------------------          
 
Iter        Energy                ΔE                Drms
1      -1.0971527190      -1.0971527190      0.6919868700
2      -1.1361654820      -0.0390127630      0.0498930866
3      -1.1229314919      0.0132339901      0.0031251548
4      -1.1229402792      -0.0000087873      0.0000019474
 
----------------------------------------
   The SCF calculation has converged!   
----------------------------------------
Total SCF Energy: -1.1229402792 h
 
                       ========================================                 
                              END RESTRICTED CLOSED-SHELL                       
                                  HARTREE-FOCK ENERGY                           
                       ========================================                 
--------------------------------------------------------------------------------
--------------------------------------------------------------------------------
                       ========================================                 
                                RESTRICTED CLOSED-SHELL                         
                                HARTREE-FOCK PROPERTIES                         
                       ========================================                 

  1           H           1.000000          0.000000     
  2           H           1.000000          -0.000000     

  1           H                     -0.000000   0.000000    0.000000    0.000000     

1.000000          0.000000     
  2           H           1.000000          -0.000000     

          -0.000000   0.000000    0.000000    0.000000     

  1           H           1.000000          0.000000     
  2           H           1.000000          -0.000000     

          -0.000000   0.000000    0.000000    0.000000     

----------------------------------------          
 Computing molecular orbital energies...           
----------------------------------------          
 
Orbital #     Orbital energy (h)
    1           -0.592638    
    2           0.264187    
    3           0.920280    
    4           1.525624    
 
----------------------------------------          
        Computing HOMO-LUMO gap...                
----------------------------------------          
 
The HOMO is located at MO orbital #1, 
  with an energy of -0.592638 h. 
 
The LUMO is located at MO orbital #2, 
  with an energy of 0.264187 h. 
 
HOMO-LUMO gap: 0.856825 h 
 
----------------------------------------          
     Computing formation energy...                
----------------------------------------          
 
Energy of formation: -0.130543 h 
 
----------------------------------------          
     Computing mulliken charges...                
----------------------------------------          
 
Atom #     Symbol       Mulliken Pop.         Charge        
  1           H           1.000000          0.000000     
  2           H           1.000000          -0.000000     

----------------------------------------          
     Computing multiple moments...                
----------------------------------------          
 
Dipole:       X           Y           Z         Tot. (D)        
          -0.000000   0.000000    0.000000    0.000000     

                       ========================================                 
                              END RESTRICTED CLOSED-SHELL                       
                                HARTREE-FOCK PROPERTIES                         
                       ========================================                 
--------------------------------------------------------------------------------
