┌ Warning: CUDA runtime library libcublasLt.so.12 was loaded from a system path. This may cause errors.
│ Ensure that you have not set the LD_LIBRARY_PATH environment variable, or that it does not contain paths to CUDA libraries.
└ @ CUDA ~/.julia/packages/CUDA/nIZkq/src/initialization.jl:189
┌ Warning: CUDA runtime library libnvJitLink.so.12 was loaded from a system path. This may cause errors.
│ Ensure that you have not set the LD_LIBRARY_PATH environment variable, or that it does not contain paths to CUDA libraries.
└ @ CUDA ~/.julia/packages/CUDA/nIZkq/src/initialization.jl:189
┌ Warning: CUDA runtime library libcusparse.so.12 was loaded from a system path. This may cause errors.
│ Ensure that you have not set the LD_LIBRARY_PATH environment variable, or that it does not contain paths to CUDA libraries.
└ @ CUDA ~/.julia/packages/CUDA/nIZkq/src/initialization.jl:189
LBTConfig([ILP64] libopenblas64_.so)
--------------------------------------------------------------------------------
                       ========================================                 
                               WELCOME TO JULIACHEM.JL!                         
                       ========================================                 
                                                                                
              JuliaChem.jl is an electronic structure theory package            
         developed by the Gordon group at Iowa State University. It is          
        designed to apply the strengths of the Julia programming language       
          (high-level semantics and low-level performance) to a quantum         
                                chemistry package.                              
                                                                                
         For more information, refer to the following paper: Poole, D.          
        Galvaz Vallejo, J. L.; Gordon, M. S. "A New Kid on the Block:          
         Application of Julia to Hartree-Fock Calculations." J. Chem.          
                     Theory Compute. 2020, 16, 8, 5006-5013.                    
                                                                                
       For questions on usage, email David Poole at davpoole@iastate.edu.       
                             Jackson                                            
--------------------------------------------------------------------------------
--------------------------------------------------------------------------------
                       ========================================                 
                                READING INPUT DATA FILE                         
                       ========================================                 
 
 
Number of worker processes: 1
Number of threads per process: 12
Number of threads in total: 12
 
                       ========================================                 
                                       END INPUT                                
                       ========================================                 
--------------------------------------------------------------------------------
--------------------------------------------------------------------------------
                       ========================================                 
                                GENERATING BASIS SET                            
                       ========================================                 
 
----------------------------------------          
          Printing basis set...                   
----------------------------------------          

Atom #1 (O):
  Shell     Ang. Mom.     Prim.       Exp.         Coeff.
    1          S            1      11720.000000     0.000710
    1          S            2      1759.000000     0.005470
    1          S            3      400.800000     0.027837
    1          S            4      113.700000     0.104800
    1          S            5      37.030000     0.283062
    1          S            6      13.270000     0.448719
    1          S            7      5.025000     0.270952
    1          S            8      1.013000     0.015458
 
    2          S            1      11720.000000     -0.000160
    2          S            2      1759.000000     -0.001263
    2          S            3      400.800000     -0.006267
    2          S            4      113.700000     -0.025716
    2          S            5      37.030000     -0.070924
    2          S            6      13.270000     -0.165411
    2          S            7      5.025000     -0.116955
    2          S            8      1.013000     0.557368
 
    3          S            1      0.302300     1.000000
 
    4          P            1      17.700000     0.043018
    4          P            2      3.854000     0.228913
    4          P            3      1.046000     0.508728
 
    5          P            1      0.275300     1.000000
 
    6          D            1      1.185000     1.000000
 
 
Atom #2 (H):
  Shell     Ang. Mom.     Prim.       Exp.         Coeff.
    1          S            1      13.010000     0.019685
    1          S            2      1.962000     0.137977
    1          S            3      0.444600     0.478148
 
    2          S            1      0.122000     1.000000
 
    3          P            1      0.727000     1.000000
 
 
Atom #3 (H):
  Shell     Ang. Mom.     Prim.       Exp.         Coeff.
    1          S            1      13.010000     0.019685
    1          S            2      1.962000     0.137977
    1          S            3      0.444600     0.478148
 
    2          S            1      0.122000     1.000000
 
    3          P            1      0.727000     1.000000
 
 
----------------------------------------          
       Printing Auxillary basis set...            
----------------------------------------          

Atom #1 (O):
  Shell     Ang. Mom.     Prim.       Exp.         Coeff.
    1          S            1      109.461000     1.000000
 
    2          S            1      25.578000     1.000000
 
    3          S            1      9.551480     1.000000
 
    4          S            1      2.939600     1.000000
 
    5          S            1      1.396380     1.000000
 
    6          S            1      0.905061     1.000000
 
    7          S            1      0.421376     1.000000
 
    8          P            1      36.129200     1.000000
 
    9          P            1      10.881700     1.000000
 
    10          P            1      3.205940     1.000000
 
    11          P            1      1.403870     1.000000
 
    12          P            1      0.612763     1.000000
 
    13          D            1      15.251100     1.000000
 
    14          D            1      4.520870     1.000000
 
    15          D            1      1.812210     1.000000
 
    16          D            1      0.592201     1.000000
 
    17          F            1      4.221940     1.000000
 
    18          F            1      1.790210     1.000000
 
 
Atom #2 (H):
  Shell     Ang. Mom.     Prim.       Exp.         Coeff.
    1          S            1      5.115890     1.000000
 
    2          S            1      1.142965     1.000000
 
    3          S            1      0.291662     1.000000
 
    4          P            1      1.914964     1.000000
 
    5          P            1      0.986401     1.000000
 
    6          D            1      1.172083     1.000000
 
 
Atom #3 (H):
  Shell     Ang. Mom.     Prim.       Exp.         Coeff.
    1          S            1      5.115890     1.000000
 
    2          S            1      1.142965     1.000000
 
    3          S            1      0.291662     1.000000
 
    4          P            1      1.914964     1.000000
 
    5          P            1      0.986401     1.000000
 
    6          D            1      1.172083     1.000000
 
 
----------------------------------------          
     Printing basis set metadata...               
----------------------------------------          

Basis set: cc-pVDZ
Number of basis functions: 25
Auxillary Basis set: cc-pVDZ-RIFIT
Number of auxillary basis functions: 96
Number of electrons: 10
 
                       ========================================                 
                                       END BASIS                                
                       ========================================                 
--------------------------------------------------------------------------------
---------------------------------------------------------------------------------
                       ========================================          
                             MOLECULAR COORDINATE ANALYSIS               
                       ========================================          

----------------------------------------          
         Printing coordinates                     
            in xyz format...                      
----------------------------------------          
 
3

O         0.0     -0.14320516549977125     0.0
H         1.638033383417192     1.1365739651651092     0.0
H         -1.638033383417192     1.1365739651651092     0.0

                       ========================================          
                                END COORDINATE ANALYSIS                  
                       ========================================          
--------------------------------------------------------------------------------
                       ========================================                 
                                RESTRICTED CLOSED-SHELL                         
                                  HARTREE-FOCK ENERGY                           
                       ========================================                 

SCF Options:
------------------------------
Density Fitting: true
Contraction Mode: dense
Integral Load: static
Guess: hcore
Energy Convergence: 1.0e-6
Density Convergence: 1.0e-6
DF Energy Convergence: 1.0e-6
DF Density Convergence: 1.0e-6
Max Iterations: 50
DF Max Iterations: 50
------------------------------
----------------------------------------          
       Starting RHF iterations...                 
----------------------------------------          
 
Iter        Energy                ΔE                Drms                time
  0.733753 seconds (327.32 k allocations: 25.069 MiB, 497.23% compilation time)
1      -56.8798183982      -56.8798183982      14.3470039618      2.9315948486 
