LBTConfig([ILP64] libopenblas64_.so)
--------------------------------------------------------------------------------
                       ========================================                 
                               WELCOME TO JULIACHEM.JL!                         
                       ========================================                 
                                                                                
              JuliaChem.jl is an electronic structure theory package            
         developed by the Gordon group at Iowa State University. It is          
        designed to apply the strengths of the Julia programming language       
          (high-level semantics and low-level performance) to a quantum         
                                chemistry package.                              
                                                                                
         For more information, refer to the following paper: Poole, D.          
        Galvaz Vallejo, J. L.; Gordon, M. S. "A New Kid on the Block:          
         Application of Julia to Hartree-Fock Calculations." J. Chem.          
                     Theory Compute. 2020, 16, 8, 5006-5013.                    
                                                                                
       For questions on usage, email David Poole at davpoole@iastate.edu.       
                             Jackson                                            
--------------------------------------------------------------------------------
--------------------------------------------------------------------------------
                       ========================================                 
                                READING INPUT DATA FILE                         
                       ========================================                 
 
 
Number of worker processes: 1
Number of threads per process: 12
Number of threads in total: 12
 
                       ========================================                 
                                       END INPUT                                
                       ========================================                 
--------------------------------------------------------------------------------
--------------------------------------------------------------------------------
                       ========================================                 
                                GENERATING BASIS SET                            
                       ========================================                 
 
----------------------------------------          
          Printing basis set...                   
----------------------------------------          

Atom #1 (O):
  Shell     Ang. Mom.     Prim.       Exp.         Coeff.
    1          S            1      11720.000000     0.000710
    1          S            2      1759.000000     0.005470
    1          S            3      400.800000     0.027837
    1          S            4      113.700000     0.104800
    1          S            5      37.030000     0.283062
    1          S            6      13.270000     0.448719
    1          S            7      5.025000     0.270952
    1          S            8      1.013000     0.015458
 
    2          S            1      11720.000000     -0.000160
    2          S            2      1759.000000     -0.001263
    2          S            3      400.800000     -0.006267
    2          S            4      113.700000     -0.025716
    2          S            5      37.030000     -0.070924
    2          S            6      13.270000     -0.165411
    2          S            7      5.025000     -0.116955
    2          S            8      1.013000     0.557368
 
    3          S            1      0.302300     1.000000
 
    4          P            1      17.700000     0.043018
    4          P            2      3.854000     0.228913
    4          P            3      1.046000     0.508728
 
    5          P            1      0.275300     1.000000
 
    6          D            1      1.185000     1.000000
 
 
Atom #2 (H):
  Shell     Ang. Mom.     Prim.       Exp.         Coeff.
    1          S            1      13.010000     0.019685
    1          S            2      1.962000     0.137977
    1          S            3      0.444600     0.478148
 
    2          S            1      0.122000     1.000000
 
    3          P            1      0.727000     1.000000
 
 
Atom #3 (H):
  Shell     Ang. Mom.     Prim.       Exp.         Coeff.
    1          S            1      13.010000     0.019685
    1          S            2      1.962000     0.137977
    1          S            3      0.444600     0.478148
 
    2          S            1      0.122000     1.000000
 
    3          P            1      0.727000     1.000000
 
 
----------------------------------------          
       Printing Auxillary basis set...            
----------------------------------------          

Atom #1 (O):
  Shell     Ang. Mom.     Prim.       Exp.         Coeff.
    1          S            1      109.461000     1.000000
 
    2          S            1      25.578000     1.000000
 
    3          S            1      9.551480     1.000000
 
    4          S            1      2.939600     1.000000
 
    5          S            1      1.396380     1.000000
 
    6          S            1      0.905061     1.000000
 
    7          S            1      0.421376     1.000000
 
    8          P            1      36.129200     1.000000
 
    9          P            1      10.881700     1.000000
 
    10          P            1      3.205940     1.000000
 
    11          P            1      1.403870     1.000000
 
    12          P            1      0.612763     1.000000
 
    13          D            1      15.251100     1.000000
 
    14          D            1      4.520870     1.000000
 
    15          D            1      1.812210     1.000000
 
    16          D            1      0.592201     1.000000
 
    17          F            1      4.221940     1.000000
 
    18          F            1      1.790210     1.000000
 
 
Atom #2 (H):
  Shell     Ang. Mom.     Prim.       Exp.         Coeff.
    1          S            1      5.115890     1.000000
 
    2          S            1      1.142965     1.000000
 
    3          S            1      0.291662     1.000000
 
    4          P            1      1.914964     1.000000
 
    5          P            1      0.986401     1.000000
 
    6          D            1      1.172083     1.000000
 
 
Atom #3 (H):
  Shell     Ang. Mom.     Prim.       Exp.         Coeff.
    1          S            1      5.115890     1.000000
 
    2          S            1      1.142965     1.000000
 
    3          S            1      0.291662     1.000000
 
    4          P            1      1.914964     1.000000
 
    5          P            1      0.986401     1.000000
 
    6          D            1      1.172083     1.000000
 
 
----------------------------------------          
     Printing basis set metadata...               
----------------------------------------          

Basis set: cc-pVDZ
Number of basis functions: 25
Auxillary Basis set: cc-pVDZ-RIFIT
Number of auxillary basis functions: 96
Number of electrons: 10
 
                       ========================================                 
                                       END BASIS                                
                       ========================================                 
--------------------------------------------------------------------------------
---------------------------------------------------------------------------------
                       ========================================          
                             MOLECULAR COORDINATE ANALYSIS               
                       ========================================          

----------------------------------------          
         Printing coordinates                     
            in xyz format...                      
----------------------------------------          
 
3

O         0.0     -0.14320516549977125     0.0
H         1.638033383417192     1.1365739651651092     0.0
H         -1.638033383417192     1.1365739651651092     0.0

                       ========================================          
                                END COORDINATE ANALYSIS                  
                       ========================================          
--------------------------------------------------------------------------------
                       ========================================                 
                                RESTRICTED CLOSED-SHELL                         
                                  HARTREE-FOCK ENERGY                           
                       ========================================                 

SCF Options:
------------------------------
Density Fitting: true
Contraction Mode: dense
Integral Load: static
Guess: hcore
Energy Convergence: 1.0e-6
Density Convergence: 1.0e-6
DF Energy Convergence: 1.0e-6
DF Density Convergence: 1.0e-6
Max Iterations: 50
DF Max Iterations: 50
------------------------------
----------------------------------------          
       Starting RHF iterations...                 
----------------------------------------          
 
Iter        Energy                ΔE                Drms                time
  0.850836 seconds (337.87 k allocations: 25.614 MiB, 426.23% compilation time)
1      -57.5678344987      -57.5678344987      38.4924800801      3.0781400204 
  0.131313 seconds (683 allocations: 13.109 KiB)
2      -98.3237141321      -40.7558796334      14.5476056270      0.3304219246 
  0.003251 seconds (683 allocations: 13.109 KiB)
3      -89.1262906796      9.1974234525      3.2092606383      0.0066950321 
  0.001208 seconds (683 allocations: 13.109 KiB)
4      -89.3386481543      -0.2123574747      0.1069564159      0.0035419464 
  0.001225 seconds (683 allocations: 13.109 KiB)
5      -89.3764770989      -0.0378289446      0.1238117266      0.0037050247 
  0.001093 seconds (683 allocations: 13.109 KiB)
6      -88.4965372758      0.8799398231      0.5224591614      0.0034799576 
  0.001178 seconds (30 allocations: 2.906 KiB)
7      -82.4627432570      6.0337940188      1.8414559157      0.0034370422 
  0.001151 seconds (30 allocations: 2.906 KiB)
8      -80.2157631399      2.2469801171      1.4421777314      0.0035941601 
  0.001245 seconds (30 allocations: 2.906 KiB)
9      -76.7078977509      3.5078653890      1.9516039189      0.0037000179 
  0.001235 seconds (30 allocations: 2.906 KiB)
10      -76.2340017064      0.4738960445      0.3854343760      0.0035059452 
  0.001216 seconds (30 allocations: 2.906 KiB)
11      -79.0786902371      -2.8446885307      1.9941404669      0.0035350323 
  0.001188 seconds (30 allocations: 2.906 KiB)
12      -79.0148185540      0.0638716831      0.4013286851      0.0035071373 
  0.001173 seconds (30 allocations: 2.906 KiB)
13      -80.1379246195      -1.1231060655      1.2367397346      0.0034718513 
  0.001227 seconds (30 allocations: 2.906 KiB)
14      -78.0250342961      2.1128903234      1.4456695004      0.0035731792 
  0.001405 seconds (30 allocations: 2.906 KiB)
15      -78.2487572769      -0.2237229809      0.7254326602      0.0038700104 
  0.001211 seconds (30 allocations: 2.906 KiB)
16      -75.6699320564      2.5788252205      47.3284553491      0.0036420822 
  0.001147 seconds (30 allocations: 2.906 KiB)
17      -76.2456944086      -0.5757623522      0.8403916161      0.0035219193 
  0.001209 seconds (30 allocations: 2.906 KiB)
18      -75.7975619271      0.4481324815      0.4656226852      0.0038838387 
  0.001260 seconds (30 allocations: 2.906 KiB)
19      -76.0720809510      -0.2745190239      0.1062989299      0.0035898685 
  0.001245 seconds (30 allocations: 2.906 KiB)
20      -75.9772652148      0.0948157362      0.0715845149      0.0036399364 
  0.001179 seconds (30 allocations: 2.906 KiB)
21      -75.9879001875      -0.0106349727      0.0208943933      0.0035560131 
  0.001129 seconds (30 allocations: 2.906 KiB)
22      -75.9915596019      -0.0036594143      0.0086585592      0.0035700798 
  0.001247 seconds (30 allocations: 2.906 KiB)
23      -75.9912364073      0.0003231945      0.0015011842      0.0037369728 
  0.001182 seconds (30 allocations: 2.906 KiB)
24      -75.9911374338      0.0000989736      0.0005972005      0.0035779476 
  0.001197 seconds (30 allocations: 2.906 KiB)
25      -75.9911391248      -0.0000016910      0.0001648905      0.0036380291 
  0.001256 seconds (30 allocations: 2.906 KiB)
26      -75.9911515154      -0.0000123906      0.0000318880      0.0036969185 
  0.001186 seconds (30 allocations: 2.906 KiB)
27      -75.9911551261      -0.0000036107      0.0000074521      0.0036129951 
  0.001218 seconds (30 allocations: 2.906 KiB)
28      -75.9911548287      0.0000002974      0.0000020168      0.0036699772 
┌ Warning: CUDA runtime library libcublasLt.so.12 was loaded from a system path. This may cause errors.
│ Ensure that you have not set the LD_LIBRARY_PATH environment variable, or that it does not contain paths to CUDA libraries.
└ @ CUDA ~/.julia/packages/CUDA/nIZkq/src/initialization.jl:189
┌ Warning: CUDA runtime library libnvJitLink.so.12 was loaded from a system path. This may cause errors.
│ Ensure that you have not set the LD_LIBRARY_PATH environment variable, or that it does not contain paths to CUDA libraries.
└ @ CUDA ~/.julia/packages/CUDA/nIZkq/src/initialization.jl:189
┌ Warning: CUDA runtime library libcusparse.so.12 was loaded from a system path. This may cause errors.
│ Ensure that you have not set the LD_LIBRARY_PATH environment variable, or that it does not contain paths to CUDA libraries.
└ @ CUDA ~/.julia/packages/CUDA/nIZkq/src/initialization.jl:189
  0.001264 seconds (30 allocations: 2.906 KiB)
 
----------------------------------------
   The SCF calculation has converged!   
----------------------------------------
Total SCF Energy: -75.9911546789 h
 
                       ========================================                 
                              END RESTRICTED CLOSED-SHELL                       
                                  HARTREE-FOCK ENERGY                           
                       ========================================                 
--------------------------------------------------------------------------------
  1           O           8.436063          -0.436063     
  2           H           0.781969          0.218031     
  3           H           0.781968          0.218032     

          -0.000000   2.176101    -0.000000    2.176101     

